<?xml version="1.0" encoding="UTF-8"?>
<testng-results skipped="1" failed="1" total="4" passed="2">
  <reporter-output>
  </reporter-output>
  <suite name="Default suite" duration-ms="350244" started-at="2016-04-27T08:25:12Z" finished-at="2016-04-27T08:31:03Z">
    <groups>
    </groups>
    <test name="Default test" duration-ms="350244" started-at="2016-04-27T08:25:12Z" finished-at="2016-04-27T08:31:03Z">
      <class name="com.wordpress.testcases.verifyWordpressLogin">
        <test-method status="PASS" signature="selectBrowser()[pri:0, instance:com.wordpress.testcases.verifyWordpressLogin@4d51cf84]" name="selectBrowser" is-config="true" duration-ms="8878" started-at="2016-04-27T18:25:12Z" finished-at="2016-04-27T18:25:21Z">
          <reporter-output>
          </reporter-output>
        </test-method> <!-- selectBrowser -->
        <test-method status="PASS" signature="verifyValidLogin()[pri:0, instance:com.wordpress.testcases.verifyWordpressLogin@4d51cf84]" name="verifyValidLogin" duration-ms="140937" started-at="2016-04-27T18:25:21Z" finished-at="2016-04-27T18:27:42Z">
          <reporter-output>
          </reporter-output>
        </test-method> <!-- verifyValidLogin -->
        <test-method status="PASS" signature="quitBrowser()[pri:0, instance:com.wordpress.testcases.verifyWordpressLogin@4d51cf84]" name="quitBrowser" is-config="true" duration-ms="123" started-at="2016-04-27T18:27:42Z" finished-at="2016-04-27T18:27:42Z">
          <reporter-output>
          </reporter-output>
        </test-method> <!-- quitBrowser -->
        <test-method status="PASS" signature="selectBrowser()[pri:0, instance:com.wordpress.testcases.verifyWordpressLogin@4d51cf84]" name="selectBrowser" is-config="true" duration-ms="13656" started-at="2016-04-27T18:27:42Z" finished-at="2016-04-27T18:27:56Z">
          <reporter-output>
          </reporter-output>
        </test-method> <!-- selectBrowser -->
        <test-method status="FAIL" signature="verifyInValidUserIdLogin()[pri:0, instance:com.wordpress.testcases.verifyWordpressLogin@4d51cf84]" name="verifyInValidUserIdLogin" duration-ms="1936" started-at="2016-04-27T18:27:56Z" finished-at="2016-04-27T18:27:58Z">
          <exception class="java.lang.AssertionError">
            <message>
              <![CDATA[Failing the testcase deliberatly]]>
            </message>
            <full-stacktrace>
              <![CDATA[java.lang.AssertionError: Failing the testcase deliberatly
	at org.testng.Assert.fail(Assert.java:94)
	at com.wordpress.testcases.verifyWordpressLogin.verifyInValidUserIdLogin(verifyWordpressLogin.java:98)
	at sun.reflect.NativeMethodAccessorImpl.invoke0(Native Method)
	at sun.reflect.NativeMethodAccessorImpl.invoke(NativeMethodAccessorImpl.java:57)
	at sun.reflect.DelegatingMethodAccessorImpl.invoke(DelegatingMethodAccessorImpl.java:43)
	at java.lang.reflect.Method.invoke(Method.java:606)
	at org.testng.internal.MethodInvocationHelper.invokeMethod(MethodInvocationHelper.java:85)
	at org.testng.internal.Invoker.invokeMethod(Invoker.java:639)
	at org.testng.internal.Invoker.invokeTestMethod(Invoker.java:816)
	at org.testng.internal.Invoker.invokeTestMethods(Invoker.java:1124)
	at org.testng.internal.TestMethodWorker.invokeTestMethods(TestMethodWorker.java:125)
	at org.testng.internal.TestMethodWorker.run(TestMethodWorker.java:108)
	at org.testng.TestRunner.privateRun(TestRunner.java:774)
	at org.testng.TestRunner.run(TestRunner.java:624)
	at org.testng.SuiteRunner.runTest(SuiteRunner.java:359)
	at org.testng.SuiteRunner.runSequentially(SuiteRunner.java:354)
	at org.testng.SuiteRunner.privateRun(SuiteRunner.java:312)
	at org.testng.SuiteRunner.run(SuiteRunner.java:261)
	at org.testng.SuiteRunnerWorker.runSuite(SuiteRunnerWorker.java:52)
	at org.testng.SuiteRunnerWorker.run(SuiteRunnerWorker.java:86)
	at org.testng.TestNG.runSuitesSequentially(TestNG.java:1215)
	at org.testng.TestNG.runSuitesLocally(TestNG.java:1140)
	at org.testng.TestNG.run(TestNG.java:1048)
	at org.testng.remote.AbstractRemoteTestNG.run(AbstractRemoteTestNG.java:126)
	at org.testng.remote.RemoteTestNG.initAndRun(RemoteTestNG.java:137)
	at org.testng.remote.RemoteTestNG.main(RemoteTestNG.java:58)
]]>
            </full-stacktrace>
          </exception> <!-- java.lang.AssertionError -->
          <reporter-output>
          </reporter-output>
        </test-method> <!-- verifyInValidUserIdLogin -->
        <test-method status="PASS" signature="quitBrowser()[pri:0, instance:com.wordpress.testcases.verifyWordpressLogin@4d51cf84]" name="quitBrowser" is-config="true" duration-ms="63" started-at="2016-04-27T18:27:58Z" finished-at="2016-04-27T18:27:58Z">
          <reporter-output>
          </reporter-output>
        </test-method> <!-- quitBrowser -->
        <test-method status="PASS" signature="selectBrowser()[pri:0, instance:com.wordpress.testcases.verifyWordpressLogin@4d51cf84]" name="selectBrowser" is-config="true" duration-ms="15487" started-at="2016-04-27T18:27:58Z" finished-at="2016-04-27T18:28:14Z">
          <reporter-output>
          </reporter-output>
        </test-method> <!-- selectBrowser -->
        <test-method status="SKIP" signature="verifyInValidPasswordLogin()[pri:0, instance:com.wordpress.testcases.verifyWordpressLogin@4d51cf84]" name="verifyInValidPasswordLogin" duration-ms="1807" started-at="2016-04-27T18:28:14Z" finished-at="2016-04-27T18:28:15Z">
          <exception class="org.testng.SkipException">
            <message>
              <![CDATA[skipping the testcase]]>
            </message>
            <full-stacktrace>
              <![CDATA[org.testng.SkipException: skipping the testcase
	at com.wordpress.testcases.verifyWordpressLogin.verifyInValidPasswordLogin(verifyWordpressLogin.java:79)
	at sun.reflect.NativeMethodAccessorImpl.invoke0(Native Method)
	at sun.reflect.NativeMethodAccessorImpl.invoke(NativeMethodAccessorImpl.java:57)
	at sun.reflect.DelegatingMethodAccessorImpl.invoke(DelegatingMethodAccessorImpl.java:43)
	at java.lang.reflect.Method.invoke(Method.java:606)
	at org.testng.internal.MethodInvocationHelper.invokeMethod(MethodInvocationHelper.java:85)
	at org.testng.internal.Invoker.invokeMethod(Invoker.java:639)
	at org.testng.internal.Invoker.invokeTestMethod(Invoker.java:816)
	at org.testng.internal.Invoker.invokeTestMethods(Invoker.java:1124)
	at org.testng.internal.TestMethodWorker.invokeTestMethods(TestMethodWorker.java:125)
	at org.testng.internal.TestMethodWorker.run(TestMethodWorker.java:108)
	at org.testng.TestRunner.privateRun(TestRunner.java:774)
	at org.testng.TestRunner.run(TestRunner.java:624)
	at org.testng.SuiteRunner.runTest(SuiteRunner.java:359)
	at org.testng.SuiteRunner.runSequentially(SuiteRunner.java:354)
	at org.testng.SuiteRunner.privateRun(SuiteRunner.java:312)
	at org.testng.SuiteRunner.run(SuiteRunner.java:261)
	at org.testng.SuiteRunnerWorker.runSuite(SuiteRunnerWorker.java:52)
	at org.testng.SuiteRunnerWorker.run(SuiteRunnerWorker.java:86)
	at org.testng.TestNG.runSuitesSequentially(TestNG.java:1215)
	at org.testng.TestNG.runSuitesLocally(TestNG.java:1140)
	at org.testng.TestNG.run(TestNG.java:1048)
	at org.testng.remote.AbstractRemoteTestNG.run(AbstractRemoteTestNG.java:126)
	at org.testng.remote.RemoteTestNG.initAndRun(RemoteTestNG.java:137)
	at org.testng.remote.RemoteTestNG.main(RemoteTestNG.java:58)
]]>
            </full-stacktrace>
          </exception> <!-- org.testng.SkipException -->
          <reporter-output>
          </reporter-output>
        </test-method> <!-- verifyInValidPasswordLogin -->
        <test-method status="PASS" signature="quitBrowser()[pri:0, instance:com.wordpress.testcases.verifyWordpressLogin@4d51cf84]" name="quitBrowser" is-config="true" duration-ms="70" started-at="2016-04-27T18:28:15Z" finished-at="2016-04-27T18:28:16Z">
          <reporter-output>
          </reporter-output>
        </test-method> <!-- quitBrowser -->
        <test-method status="PASS" signature="selectBrowser()[pri:0, instance:com.wordpress.testcases.verifyWordpressLogin@4d51cf84]" name="selectBrowser" is-config="true" duration-ms="10538" started-at="2016-04-27T18:28:16Z" finished-at="2016-04-27T18:28:26Z">
          <reporter-output>
          </reporter-output>
        </test-method> <!-- selectBrowser -->
        <test-method status="PASS" signature="verifyLogout()[pri:0, instance:com.wordpress.testcases.verifyWordpressLogin@4d51cf84]" name="verifyLogout" duration-ms="156518" started-at="2016-04-27T18:28:26Z" depends-on-methods="com.wordpress.testcases.verifyWordpressLogin.verifyValidLogin" finished-at="2016-04-27T18:31:03Z">
          <reporter-output>
          </reporter-output>
        </test-method> <!-- verifyLogout -->
        <test-method status="PASS" signature="quitBrowser()[pri:0, instance:com.wordpress.testcases.verifyWordpressLogin@4d51cf84]" name="quitBrowser" is-config="true" duration-ms="134" started-at="2016-04-27T18:31:03Z" finished-at="2016-04-27T18:31:03Z">
          <reporter-output>
          </reporter-output>
        </test-method> <!-- quitBrowser -->
      </class> <!-- com.wordpress.testcases.verifyWordpressLogin -->
    </test> <!-- Default test -->
  </suite> <!-- Default suite -->
</testng-results>
