<?xml version="1.0" encoding="UTF-8"?>
<!-- Generated by org.testng.reporters.JUnitXMLReporter -->
<testsuite hostname="lipika-Inspiron-3442" name="Test" tests="4" failures="2" timestamp="28 Apr 2016 01:10:31 GMT" time="288.285" errors="0">
  <testcase name="verifyValidLogin" time="93.067" classname="com.wordpress.testcases.verifyWordpressLogin"/>
  <testcase name="verifyInValidUserIdLogin" time="3.455" classname="com.wordpress.testcases.verifyWordpressLogin">
    <failure type="java.lang.AssertionError" message="Failing the testcase deliberatly">
      <![CDATA[java.lang.AssertionError: Failing the testcase deliberatly
	at com.wordpress.testcases.verifyWordpressLogin.verifyInValidUserIdLogin(verifyWordpressLogin.java:98)
... Removed 25 stack frames]]>
    </failure>
  </testcase> <!-- verifyInValidUserIdLogin -->
  <testcase name="verifyInValidPasswordLogin" time="2.273" classname="com.wordpress.testcases.verifyWordpressLogin">
    <skipped/>
  </testcase> <!-- verifyInValidPasswordLogin -->
  <testcase name="verifyLogout" time="112.611" classname="com.wordpress.testcases.verifyWordpressLogin">
    <failure type="org.openqa.selenium.InvalidSelectorException" message="The given selector //div/header/[@id =&amp;apos;header&amp;apos;]/a[4] is either invalid or does not result in a WebElement. The following error occurred:
InvalidSelectorError: Unable to locate an element with the xpath expression //div/header/[@id =&amp;apos;header&amp;apos;]/a[4] because of the following error:
SyntaxError: The expression is not a legal expression.
Command duration or timeout: 23 milliseconds
For documentation on this error, please visit: http://seleniumhq.org/exceptions/invalid_selector_exception.html
Build info: version: &amp;apos;2.53.0&amp;apos;, revision: &amp;apos;35ae25b&amp;apos;, time: &amp;apos;2016-03-15 16:57:40&amp;apos;
System info: host: &amp;apos;lipika-Inspiron-3442&amp;apos;, ip: &amp;apos;127.0.1.1&amp;apos;, os.name: &amp;apos;Linux&amp;apos;, os.arch: &amp;apos;amd64&amp;apos;, os.version: &amp;apos;4.2.0-27-generic&amp;apos;, java.version: &amp;apos;1.7.0_95&amp;apos;
*** Element info: {Using=xpath, value=//div/header/[@id =&amp;apos;header&amp;apos;]/a[4]}
Session ID: 852be807-fca4-42c9-9190-04926c2ee788
Driver info: org.openqa.selenium.firefox.FirefoxDriver
Capabilities [{platform=LINUX, acceptSslCerts=true, javascriptEnabled=true, cssSelectorsEnabled=true, databaseEnabled=true, browserName=firefox, handlesAlerts=true, nativeEvents=false, webStorageEnabled=true, rotatable=false, locationContextEnabled=true, applicationCacheEnabled=true, takesScreenshot=true, version=44.0.2}]">
      <![CDATA[org.openqa.selenium.InvalidSelectorException: The given selector //div/header/[@id ='header']/a[4] is either invalid or does not result in a WebElement. The following error occurred:
InvalidSelectorError: Unable to locate an element with the xpath expression //div/header/[@id ='header']/a[4] because of the following error:
SyntaxError: The expression is not a legal expression.
Command duration or timeout: 23 milliseconds
For documentation on this error, please visit: http://seleniumhq.org/exceptions/invalid_selector_exception.html
Build info: version: '2.53.0', revision: '35ae25b', time: '2016-03-15 16:57:40'
System info: host: 'lipika-Inspiron-3442', ip: '127.0.1.1', os.name: 'Linux', os.arch: 'amd64', os.version: '4.2.0-27-generic', java.version: '1.7.0_95'
*** Element info: {Using=xpath, value=//div/header/[@id ='header']/a[4]}
Session ID: 852be807-fca4-42c9-9190-04926c2ee788
Driver info: org.openqa.selenium.firefox.FirefoxDriver
Capabilities [{platform=LINUX, acceptSslCerts=true, javascriptEnabled=true, cssSelectorsEnabled=true, databaseEnabled=true, browserName=firefox, handlesAlerts=true, nativeEvents=false, webStorageEnabled=true, rotatable=false, locationContextEnabled=true, applicationCacheEnabled=true, takesScreenshot=true, version=44.0.2}]
	at org.openqa.selenium.remote.ErrorHandler.createThrowable(ErrorHandler.java:206)
	at org.openqa.selenium.remote.ErrorHandler.throwIfResponseFailed(ErrorHandler.java:158)
	at org.openqa.selenium.remote.RemoteWebDriver.execute(RemoteWebDriver.java:678)
	at org.openqa.selenium.remote.RemoteWebDriver.findElement(RemoteWebDriver.java:363)
	at org.openqa.selenium.remote.RemoteWebDriver.findElementByXPath(RemoteWebDriver.java:500)
	at org.openqa.selenium.By$ByXPath.findElement(By.java:361)
	at org.openqa.selenium.remote.RemoteWebDriver.findElement(RemoteWebDriver.java:355)
	at com.wordpress.Pages.HomePage.clickMeImage(HomePage.java:28)
	at com.wordpress.testcases.verifyWordpressLogin.verifyLogout(verifyWordpressLogin.java:114)
Caused by: org.openqa.selenium.InvalidSelectorException: The given selector //div/header/[@id ='header']/a[4] is either invalid or does not result in a WebElement. The following error occurred:
InvalidSelectorError: Unable to locate an element with the xpath expression //div/header/[@id ='header']/a[4] because of the following error:
SyntaxError: The expression is not a legal expression.
For documentation on this error, please visit: http://seleniumhq.org/exceptions/invalid_selector_exception.html
Build info: version: '2.53.0', revision: '35ae25b', time: '2016-03-15 16:57:40'
System info: host: 'lipika-Inspiron-3442', ip: '127.0.1.1', os.name: 'Linux', os.arch: 'amd64', os.version: '4.2.0-27-generic', java.version: '1.7.0_95'
Driver info: driver.version: unknown
	at <anonymous class>.FirefoxDriver.annotateInvalidSelectorError_(file:///tmp/anonymous9087321360309604492webdriver-profile/extensions/fxdriver@googlecode.com/components/driver-component.js:10744)
	at <anonymous class>.FirefoxDriver.prototype.findElementInternal_(file:///tmp/anonymous9087321360309604492webdriver-profile/extensions/fxdriver@googlecode.com/components/driver-component.js:10775)
	at <anonymous class>.FirefoxDriver.prototype.findElement(file:///tmp/anonymous9087321360309604492webdriver-profile/extensions/fxdriver@googlecode.com/components/driver-component.js:10779)
	at <anonymous class>.DelayedCommand.prototype.executeInternal_/h(file:///tmp/anonymous9087321360309604492webdriver-profile/extensions/fxdriver@googlecode.com/components/command-processor.js:12661)
	at <anonymous class>.DelayedCommand.prototype.executeInternal_(file:///tmp/anonymous9087321360309604492webdriver-profile/extensions/fxdriver@googlecode.com/components/command-processor.js:12666)
	at <anonymous class>.DelayedCommand.prototype.execute/<(file:///tmp/anonymous9087321360309604492webdriver-profile/extensions/fxdriver@googlecode.com/components/command-processor.js:12608)
... Removed 28 stack frames]]>
    </failure>
  </testcase> <!-- verifyLogout -->
</testsuite> <!-- Test -->
